Build started 2015/8/26 上午 09:58:58.
     1>Project "C:\Users\Fred\Dropbox\Portrait-Processing\Portrait Processing\Portrait Processing.vcxproj" on node 2 (Build target(s)).
     1>ClCompile:
         C:\Program Files (x86)\Microsoft Visual Studio 12.0\VC\bin\x86_amd64\CL.exe /c /IC:\opencv\build\x64\vc12\..\..\include /Zi /nologo /W3 /WX- /sdl /Od /D WIN32 /D _DEBUG /D _CONSOLE /D _LIB /D _UNICODE /D UNICODE /Gm /EHsc /RTC1 /MDd /GS /fp:precise /Zc:wchar_t /Zc:forScope /Fo"x64\Debug\\" /Fd"x64\Debug\vc120.pdb" /Gd /TP /errorReport:prompt Main.cpp ShadowGeneration.cpp
         ShadowGeneration.cpp
     1>C:\opencv\build\include\opencv2/core/mat.hpp(1413): warning C4819: The file contains a character that cannot be represented in the current code page (950). Save the file in Unicode format to prevent data loss
     1>ShadowGeneration.cpp(4): warning C4305: 'initializing' : truncation from 'double' to 'float'
     1>ShadowGeneration.cpp(30): warning C4244: 'initializing' : conversion from 'float' to 'int', possible loss of data
     1>ShadowGeneration.cpp(55): warning C4244: '=' : conversion from 'double' to 'int', possible loss of data
     1>ShadowGeneration.cpp(71): warning C4244: 'argument' : conversion from 'float' to 'int', possible loss of data
     1>ShadowGeneration.cpp(82): error C2143: syntax error : missing ';' before '/'
         Main.cpp
     1>C:\opencv\build\include\opencv2/core/mat.hpp(1413): warning C4819: The file contains a character that cannot be represented in the current code page (950). Save the file in Unicode format to prevent data loss
     1>Main.cpp(93): warning C4244: 'initializing' : conversion from 'double' to 'float', possible loss of data
     1>Main.cpp(95): warning C4305: 'argument' : truncation from 'double' to 'float'
         Generating Code...
     1>Done Building Project "C:\Users\Fred\Dropbox\Portrait-Processing\Portrait Processing\Portrait Processing.vcxproj" (Build target(s)) -- FAILED.

Build FAILED.

Time Elapsed 00:00:19.07
